TN:
SF:/Users/andela/Documents/Work/Inverted-Index/src/js/inverted-index.js
FN:4,(anonymous_1)
FN:8,(anonymous_2)
FN:13,(anonymous_3)
FN:26,(anonymous_4)
FN:45,(anonymous_5)
FN:49,(anonymous_6)
FN:64,(anonymous_7)
FN:80,(anonymous_8)
FNF:8
FNH:6
FNDA:1,(anonymous_1)
FNDA:4,(anonymous_2)
FNDA:1,(anonymous_3)
FNDA:2,(anonymous_4)
FNDA:1,(anonymous_5)
FNDA:0,(anonymous_6)
FNDA:0,(anonymous_7)
FNDA:6,(anonymous_8)
DA:5,1
DA:9,60
DA:14,1
DA:15,1
DA:16,1
DA:17,2
DA:18,2
DA:19,2
DA:20,2
DA:23,1
DA:27,2
DA:28,2
DA:29,4
DA:30,4
DA:31,84
DA:32,22
DA:33,6
DA:36,62
DA:40,2
DA:46,1
DA:50,0
DA:51,0
DA:52,0
DA:54,0
DA:55,0
DA:56,0
DA:58,0
DA:61,0
DA:65,0
DA:66,0
DA:68,0
DA:69,0
DA:70,0
DA:71,0
DA:74,0
DA:75,0
DA:77,0
DA:81,6
DA:82,6
DA:83,6
DA:84,6
DA:85,6
DA:86,1
DA:88,6
DA:89,10
DA:90,2
DA:94,0
DA:96,6
LF:48
LH:30
BRDA:15,1,0,1
BRDA:15,1,1,0
BRDA:31,2,0,22
BRDA:31,2,1,62
BRDA:32,3,0,6
BRDA:32,3,1,16
BRDA:55,4,0,0
BRDA:55,4,1,0
BRDA:68,5,0,0
BRDA:68,5,1,0
BRDA:85,6,0,1
BRDA:85,6,1,5
BRDA:89,7,0,2
BRDA:89,7,1,8
BRDA:89,8,0,10
BRDA:89,8,1,10
BRF:16
BRH:11
end_of_record
