TN:
SF:/Users/andela/Documents/Work/Inverted-Index/src/js/inverted-index.js
FN:13,(anonymous_1)
FN:25,(anonymous_2)
FN:39,(anonymous_3)
FN:61,(anonymous_4)
FN:87,(anonymous_5)
FN:100,(anonymous_6)
FN:138,(anonymous_7)
FNF:7
FNH:7
FNDA:1,(anonymous_1)
FNDA:4,(anonymous_2)
FNDA:1,(anonymous_3)
FNDA:2,(anonymous_4)
FNDA:3,(anonymous_5)
FNDA:4,(anonymous_6)
FNDA:6,(anonymous_7)
DA:14,1
DA:26,60
DA:40,1
DA:41,1
DA:42,1
DA:43,2
DA:44,2
DA:45,2
DA:46,2
DA:49,1
DA:62,2
DA:63,2
DA:64,4
DA:65,4
DA:66,84
DA:67,22
DA:68,6
DA:71,62
DA:75,2
DA:76,2
DA:88,3
DA:101,4
DA:102,4
DA:103,4
DA:107,4
DA:109,4
DA:110,2
DA:111,4
DA:112,4
DA:113,4
DA:114,2
DA:115,4
DA:118,2
DA:120,2
DA:121,2
DA:122,1
DA:125,2
DA:127,4
DA:139,6
DA:140,6
DA:141,6
DA:142,6
DA:143,6
DA:144,1
DA:146,6
DA:147,10
DA:148,2
DA:152,0
DA:154,6
LF:49
LH:48
BRDA:41,1,0,1
BRDA:41,1,1,0
BRDA:66,2,0,22
BRDA:66,2,1,62
BRDA:67,3,0,6
BRDA:67,3,1,16
BRDA:109,4,0,2
BRDA:109,4,1,2
BRDA:113,5,0,2
BRDA:113,5,1,2
BRDA:121,6,0,1
BRDA:121,6,1,1
BRDA:143,7,0,1
BRDA:143,7,1,5
BRDA:147,8,0,2
BRDA:147,8,1,8
BRDA:147,9,0,10
BRDA:147,9,1,10
BRF:18
BRH:17
end_of_record
