TN:
SF:/Users/andela/Documents/Work/Inverted-Index/src/js/inverted-index.js
FN:13,(anonymous_1)
FN:26,(anonymous_2)
FN:44,(anonymous_3)
FN:68,(anonymous_4)
FN:95,(anonymous_5)
FN:108,(anonymous_6)
FN:146,(anonymous_7)
FNF:7
FNH:7
FNDA:1,(anonymous_1)
FNDA:4,(anonymous_2)
FNDA:1,(anonymous_3)
FNDA:2,(anonymous_4)
FNDA:3,(anonymous_5)
FNDA:4,(anonymous_6)
FNDA:6,(anonymous_7)
DA:14,1
DA:27,60
DA:31,60
DA:45,1
DA:46,1
DA:47,1
DA:48,2
DA:49,2
DA:50,2
DA:51,2
DA:55,1
DA:69,2
DA:71,2
DA:72,4
DA:73,76
DA:74,76
DA:75,14
DA:76,6
DA:79,62
DA:83,2
DA:84,2
DA:96,3
DA:109,4
DA:110,4
DA:111,4
DA:115,4
DA:117,4
DA:118,2
DA:119,4
DA:120,4
DA:121,4
DA:122,2
DA:123,4
DA:126,2
DA:128,2
DA:129,2
DA:130,1
DA:133,2
DA:135,4
DA:147,6
DA:148,6
DA:149,6
DA:150,6
DA:151,1
DA:153,6
DA:154,10
DA:155,2
DA:159,0
DA:161,6
LF:49
LH:48
BRDA:46,1,0,1
BRDA:46,1,1,0
BRDA:74,2,0,14
BRDA:74,2,1,62
BRDA:75,3,0,6
BRDA:75,3,1,8
BRDA:117,4,0,2
BRDA:117,4,1,2
BRDA:121,5,0,2
BRDA:121,5,1,2
BRDA:129,6,0,1
BRDA:129,6,1,1
BRDA:150,7,0,1
BRDA:150,7,1,5
BRDA:154,8,0,2
BRDA:154,8,1,8
BRDA:154,9,0,10
BRDA:154,9,1,10
BRF:18
BRH:17
end_of_record
